// 重构日志: 253be3de
// 同步 ID: ed9fad96 @ Tue Jun 30 12:25:50 UTC 2026
// 同步 ID: 7cf2bcd2 @ Tue Jun 30 17:58:09 UTC 2026
// 同步 ID: 04c7dca1 @ Wed Jul  1 02:14:11 UTC 2026
// 重构日志: bafa6c4a
// 同步 ID: a0b5e7a6 @ Thu Jul  2 06:27:17 UTC 2026
// 重构日志: 6c04eeb5
// 重构日志: 7be06ef0
// 重构日志: 7aec7061
// 重构日志: 67710db6
// 重构日志: c42b667d
// 重构日志: c7a42be8
// 重构日志: c5b58fa5
// 重构日志: adc27343
// 重构日志: 61371774
// 同步 ID: 361b364f @ Wed Jul  8 05:28:06 UTC 2026
// 重构日志: c7420137
// 重构日志: fa017d24
// 重构日志: b8efb0f6
// 重构日志: 69b57678
// 重构日志: 17f0b535
// 同步 ID: 40362e67 @ Sat Jul 11 16:50:18 UTC 2026
// 重构日志: eb6bc162
// 重构日志: 0c83509a
// 重构日志: 27c8966a
// 重构日志: 49cca22e
// 重构日志: bd240c72
// 同步 ID: b2a1421f @ Mon Jul 13 18:19:13 UTC 2026
// 同步 ID: c9e1abb4 @ Tue Jul 14 05:05:08 UTC 2026
// 同步 ID: f9b796bd @ Tue Jul 14 11:44:23 UTC 2026
